<?xml version="1.0" encoding="UTF-8"?>
<coverage generated="1655340077359" clover="3.2.0">
  <project timestamp="1655340077359" name="All files">
    <metrics statements="83" coveredstatements="79" conditionals="38" coveredconditionals="33" methods="12" coveredmethods="10" elements="133" coveredelements="122" complexity="0" loc="83" ncloc="83" packages="1" files="1" classes="1"/>
    <file name="connect.js" path="/Users/calicoalex/GlamCornerConnect4/pure-js-connect-4/js/connect.js">
      <metrics statements="83" coveredstatements="79" conditionals="38" coveredconditionals="33" methods="12" coveredmethods="10"/>
      <line num="2" count="1" type="stmt"/>
      <line num="12" count="1" type="stmt"/>
      <line num="13" count="0" type="stmt"/>
      <line num="16" count="1" type="stmt"/>
      <line num="18" count="6" type="stmt"/>
      <line num="21" count="1" type="cond" truecount="1" falsecount="0"/>
      <line num="23" count="4" type="stmt"/>
      <line num="25" count="4" type="stmt"/>
      <line num="26" count="24" type="stmt"/>
      <line num="27" count="168" type="cond" truecount="2" falsecount="0"/>
      <line num="28" count="160" type="stmt"/>
      <line num="31" count="8" type="stmt"/>
      <line num="32" count="8" type="cond" truecount="2" falsecount="0"/>
      <line num="33" count="4" type="stmt"/>
      <line num="35" count="4" type="stmt"/>
      <line num="37" count="8" type="stmt"/>
      <line num="43" count="4" type="stmt"/>
      <line num="44" count="24" type="stmt"/>
      <line num="49" count="1" type="stmt"/>
      <line num="50" count="0" type="stmt"/>
      <line num="53" count="1" type="cond" truecount="1" falsecount="0"/>
      <line num="56" count="5" type="stmt"/>
      <line num="57" count="5" type="stmt"/>
      <line num="58" count="5" type="stmt"/>
      <line num="63" count="10" type="stmt"/>
      <line num="64" count="36" type="stmt"/>
      <line num="65" count="144" type="stmt"/>
      <line num="67" count="36" type="cond" truecount="2" falsecount="0"/>
      <line num="68" count="2" type="stmt"/>
      <line num="69" count="2" type="stmt"/>
      <line num="75" count="8" type="stmt"/>
      <line num="76" count="23" type="stmt"/>
      <line num="77" count="23" type="stmt"/>
      <line num="78" count="92" type="stmt"/>
      <line num="80" count="92" type="stmt"/>
      <line num="82" count="23" type="cond" truecount="2" falsecount="0"/>
      <line num="83" count="1" type="stmt"/>
      <line num="84" count="1" type="stmt"/>
      <line num="95" count="7" type="stmt"/>
      <line num="96" count="17" type="stmt"/>
      <line num="98" count="51" type="stmt"/>
      <line num="100" count="51" type="cond" truecount="2" falsecount="0"/>
      <line num="101" count="1" type="stmt"/>
      <line num="102" count="1" type="stmt"/>
      <line num="105" count="50" type="stmt"/>
      <line num="107" count="50" type="cond" truecount="2" falsecount="0"/>
      <line num="108" count="1" type="stmt"/>
      <line num="109" count="1" type="stmt"/>
      <line num="114" count="5" type="stmt"/>
      <line num="117" count="1" type="cond" truecount="1" falsecount="0"/>
      <line num="118" count="6" type="cond" truecount="1" falsecount="1"/>
      <line num="119" count="6" type="stmt"/>
      <line num="120" count="6" type="cond" truecount="1" falsecount="1"/>
      <line num="121" count="6" type="cond" truecount="2" falsecount="0"/>
      <line num="122" count="4" type="stmt"/>
      <line num="124" count="4" type="stmt"/>
      <line num="125" count="4" type="stmt"/>
      <line num="126" count="4" type="stmt"/>
      <line num="127" count="4" type="stmt"/>
      <line num="128" count="4" type="cond" truecount="2" falsecount="0"/>
      <line num="129" count="2" type="stmt"/>
      <line num="131" count="2" type="stmt"/>
      <line num="133" count="4" type="stmt"/>
      <line num="136" count="2" type="cond" truecount="2" falsecount="0"/>
      <line num="137" count="1" type="stmt"/>
      <line num="138" count="1" type="stmt"/>
      <line num="139" count="1" type="cond" truecount="1" falsecount="1"/>
      <line num="140" count="1" type="stmt"/>
      <line num="142" count="1" type="cond" truecount="3" falsecount="1"/>
      <line num="143" count="0" type="stmt"/>
      <line num="146" count="1" type="stmt"/>
      <line num="150" count="4" type="cond" truecount="1" falsecount="1"/>
      <line num="151" count="4" type="stmt"/>
      <line num="154" count="0" type="stmt"/>
      <line num="157" count="4" type="cond" truecount="5" falsecount="0"/>
      <line num="158" count="2" type="stmt"/>
      <line num="162" count="1" type="stmt"/>
      <line num="163" count="2" type="stmt"/>
      <line num="164" count="2" type="stmt"/>
      <line num="165" count="2" type="stmt"/>
      <line num="166" count="2" type="stmt"/>
      <line num="167" count="2" type="stmt"/>
      <line num="170" count="1" type="stmt"/>
    </file>
  </project>
</coverage>
