<?xml version="1.0" encoding="UTF-8"?>
<coverage generated="1655282323447" clover="3.2.0">
  <project timestamp="1655282323447" name="All files">
    <metrics statements="85" coveredstatements="83" conditionals="33" coveredconditionals="29" methods="12" coveredmethods="11" elements="130" coveredelements="123" complexity="0" loc="85" ncloc="85" packages="1" files="1" classes="1"/>
    <file name="connect.js" path="/Users/calicoalex/GlamCornerConnect4/pure-js-connect-4/js/connect.js">
      <metrics statements="85" coveredstatements="83" conditionals="33" coveredconditionals="29" methods="12" coveredmethods="11"/>
      <line num="1" count="1" type="stmt"/>
      <line num="12" count="1" type="stmt"/>
      <line num="13" count="1" type="stmt"/>
      <line num="14" count="1" type="stmt"/>
      <line num="15" count="1" type="stmt"/>
      <line num="17" count="1" type="stmt"/>
      <line num="19" count="1" type="stmt"/>
      <line num="29" count="1" type="stmt"/>
      <line num="30" count="0" type="stmt"/>
      <line num="33" count="1" type="stmt"/>
      <line num="35" count="6" type="stmt"/>
      <line num="38" count="1" type="stmt"/>
      <line num="40" count="4" type="stmt"/>
      <line num="41" count="4" type="stmt"/>
      <line num="42" count="24" type="stmt"/>
      <line num="43" count="168" type="cond" truecount="2" falsecount="0"/>
      <line num="44" count="160" type="stmt"/>
      <line num="47" count="8" type="stmt"/>
      <line num="48" count="8" type="cond" truecount="2" falsecount="0"/>
      <line num="49" count="4" type="stmt"/>
      <line num="51" count="4" type="stmt"/>
      <line num="53" count="8" type="stmt"/>
      <line num="58" count="4" type="stmt"/>
      <line num="59" count="24" type="stmt"/>
      <line num="63" count="1" type="cond" truecount="1" falsecount="0"/>
      <line num="65" count="5" type="stmt"/>
      <line num="66" count="5" type="stmt"/>
      <line num="67" count="5" type="stmt"/>
      <line num="71" count="10" type="stmt"/>
      <line num="72" count="36" type="stmt"/>
      <line num="73" count="144" type="stmt"/>
      <line num="75" count="36" type="cond" truecount="2" falsecount="0"/>
      <line num="76" count="2" type="stmt"/>
      <line num="77" count="2" type="stmt"/>
      <line num="82" count="8" type="stmt"/>
      <line num="83" count="23" type="stmt"/>
      <line num="84" count="23" type="stmt"/>
      <line num="85" count="92" type="stmt"/>
      <line num="87" count="92" type="stmt"/>
      <line num="89" count="23" type="cond" truecount="2" falsecount="0"/>
      <line num="90" count="1" type="stmt"/>
      <line num="91" count="1" type="stmt"/>
      <line num="96" count="7" type="stmt"/>
      <line num="97" count="17" type="stmt"/>
      <line num="99" count="51" type="stmt"/>
      <line num="101" count="51" type="cond" truecount="2" falsecount="0"/>
      <line num="102" count="1" type="stmt"/>
      <line num="103" count="1" type="stmt"/>
      <line num="106" count="50" type="stmt"/>
      <line num="108" count="50" type="cond" truecount="2" falsecount="0"/>
      <line num="109" count="1" type="stmt"/>
      <line num="110" count="1" type="stmt"/>
      <line num="114" count="5" type="stmt"/>
      <line num="117" count="1" type="cond" truecount="1" falsecount="0"/>
      <line num="119" count="6" type="cond" truecount="1" falsecount="1"/>
      <line num="120" count="6" type="stmt"/>
      <line num="121" count="6" type="cond" truecount="1" falsecount="1"/>
      <line num="122" count="6" type="cond" truecount="2" falsecount="0"/>
      <line num="123" count="4" type="stmt"/>
      <line num="125" count="4" type="stmt"/>
      <line num="126" count="4" type="stmt"/>
      <line num="127" count="4" type="stmt"/>
      <line num="128" count="4" type="stmt"/>
      <line num="129" count="4" type="cond" truecount="2" falsecount="0"/>
      <line num="130" count="2" type="stmt"/>
      <line num="132" count="2" type="stmt"/>
      <line num="134" count="4" type="stmt"/>
      <line num="136" count="2" type="cond" truecount="2" falsecount="0"/>
      <line num="137" count="1" type="stmt"/>
      <line num="138" count="1" type="stmt"/>
      <line num="140" count="1" type="cond" truecount="1" falsecount="1"/>
      <line num="141" count="1" type="stmt"/>
      <line num="142" count="1" type="stmt"/>
      <line num="146" count="4" type="cond" truecount="1" falsecount="1"/>
      <line num="147" count="4" type="stmt"/>
      <line num="150" count="0" type="stmt"/>
      <line num="152" count="4" type="cond" truecount="5" falsecount="0"/>
      <line num="153" count="2" type="stmt"/>
      <line num="154" count="2" type="stmt"/>
      <line num="158" count="1" type="stmt"/>
      <line num="159" count="2" type="stmt"/>
      <line num="160" count="2" type="stmt"/>
      <line num="161" count="2" type="stmt"/>
      <line num="162" count="2" type="stmt"/>
      <line num="167" count="1" type="stmt"/>
    </file>
  </project>
</coverage>
