{"/Users/calicoalex/GlamCornerConnect4/pure-js-connect-4/js/connect.js": {"path":"/Users/calicoalex/GlamCornerConnect4/pure-js-connect-4/js/connect.js","statementMap":{"0":{"start":{"line":2,"column":15},"end":{"line":10,"column":1}},"1":{"start":{"line":12,"column":17},"end":{"line":14,"column":1}},"2":{"start":{"line":13,"column":4},"end":{"line":13,"column":29}},"3":{"start":{"line":16,"column":14},"end":{"line":18,"column":44}},"4":{"start":{"line":18,"column":15},"end":{"line":18,"column":43}},"5":{"start":{"line":21,"column":18},"end":{"line":44,"column":1}},"6":{"start":{"line":23,"column":21},"end":{"line":23,"column":23}},"7":{"start":{"line":24,"column":4},"end":{"line":40,"column":6}},"8":{"start":{"line":25,"column":8},"end":{"line":39,"column":10}},"9":{"start":{"line":26,"column":12},"end":{"line":37,"column":13}},"10":{"start":{"line":27,"column":16},"end":{"line":27,"column":38}},"11":{"start":{"line":30,"column":27},"end":{"line":30,"column":29}},"12":{"start":{"line":31,"column":16},"end":{"line":35,"column":17}},"13":{"start":{"line":32,"column":20},"end":{"line":32,"column":30}},"14":{"start":{"line":34,"column":20},"end":{"line":34,"column":30}},"15":{"start":{"line":36,"column":16},"end":{"line":36,"column":44}},"16":{"start":{"line":41,"column":4},"end":{"line":43,"column":5}},"17":{"start":{"line":41,"column":16},"end":{"line":41,"column":17}},"18":{"start":{"line":42,"column":8},"end":{"line":42,"column":56}},"19":{"start":{"line":46,"column":17},"end":{"line":98,"column":1}},"20":{"start":{"line":48,"column":8},"end":{"line":48,"column":50}},"21":{"start":{"line":49,"column":8},"end":{"line":49,"column":44}},"22":{"start":{"line":50,"column":8},"end":{"line":50,"column":32}},"23":{"start":{"line":54,"column":4},"end":{"line":62,"column":5}},"24":{"start":{"line":54,"column":19},"end":{"line":54,"column":20}},"25":{"start":{"line":55,"column":22},"end":{"line":55,"column":64}},"26":{"start":{"line":56,"column":25},"end":{"line":56,"column":77}},"27":{"start":{"line":56,"column":59},"end":{"line":56,"column":73}},"28":{"start":{"line":58,"column":8},"end":{"line":61,"column":9}},"29":{"start":{"line":59,"column":12},"end":{"line":59,"column":20}},"30":{"start":{"line":60,"column":12},"end":{"line":60,"column":27}},"31":{"start":{"line":65,"column":4},"end":{"line":76,"column":5}},"32":{"start":{"line":65,"column":19},"end":{"line":65,"column":20}},"33":{"start":{"line":66,"column":22},"end":{"line":66,"column":24}},"34":{"start":{"line":67,"column":8},"end":{"line":69,"column":9}},"35":{"start":{"line":67,"column":21},"end":{"line":67,"column":24}},"36":{"start":{"line":68,"column":12},"end":{"line":68,"column":49}},"37":{"start":{"line":70,"column":25},"end":{"line":70,"column":77}},"38":{"start":{"line":70,"column":59},"end":{"line":70,"column":73}},"39":{"start":{"line":72,"column":8},"end":{"line":75,"column":9}},"40":{"start":{"line":73,"column":12},"end":{"line":73,"column":20}},"41":{"start":{"line":74,"column":12},"end":{"line":74,"column":27}},"42":{"start":{"line":79,"column":4},"end":{"line":96,"column":5}},"43":{"start":{"line":79,"column":17},"end":{"line":79,"column":18}},"44":{"start":{"line":80,"column":8},"end":{"line":95,"column":9}},"45":{"start":{"line":80,"column":20},"end":{"line":80,"column":21}},"46":{"start":{"line":82,"column":32},"end":{"line":82,"column":129}},"47":{"start":{"line":84,"column":12},"end":{"line":87,"column":13}},"48":{"start":{"line":85,"column":16},"end":{"line":85,"column":24}},"49":{"start":{"line":86,"column":16},"end":{"line":86,"column":31}},"50":{"start":{"line":89,"column":33},"end":{"line":89,"column":130}},"51":{"start":{"line":91,"column":12},"end":{"line":94,"column":13}},"52":{"start":{"line":92,"column":16},"end":{"line":92,"column":24}},"53":{"start":{"line":93,"column":16},"end":{"line":93,"column":31}},"54":{"start":{"line":97,"column":4},"end":{"line":97,"column":22}},"55":{"start":{"line":100,"column":13},"end":{"line":138,"column":1}},"56":{"start":{"line":102,"column":4},"end":{"line":134,"column":5}},"57":{"start":{"line":103,"column":8},"end":{"line":128,"column":9}},"58":{"start":{"line":103,"column":21},"end":{"line":103,"column":42}},"59":{"start":{"line":104,"column":12},"end":{"line":127,"column":13}},"60":{"start":{"line":105,"column":16},"end":{"line":118,"column":17}},"61":{"start":{"line":106,"column":20},"end":{"line":106,"column":59}},"62":{"start":{"line":108,"column":20},"end":{"line":108,"column":31}},"63":{"start":{"line":109,"column":20},"end":{"line":109,"column":61}},"64":{"start":{"line":110,"column":20},"end":{"line":110,"column":37}},"65":{"start":{"line":111,"column":20},"end":{"line":111,"column":62}},"66":{"start":{"line":112,"column":20},"end":{"line":116,"column":21}},"67":{"start":{"line":113,"column":24},"end":{"line":113,"column":50}},"68":{"start":{"line":115,"column":24},"end":{"line":115,"column":50}},"69":{"start":{"line":117,"column":20},"end":{"line":117,"column":26}},"70":{"start":{"line":119,"column":16},"end":{"line":126,"column":17}},"71":{"start":{"line":120,"column":20},"end":{"line":120,"column":114}},"72":{"start":{"line":121,"column":20},"end":{"line":121,"column":41}},"73":{"start":{"line":123,"column":21},"end":{"line":126,"column":17}},"74":{"start":{"line":124,"column":20},"end":{"line":124,"column":72}},"75":{"start":{"line":125,"column":20},"end":{"line":125,"column":42}},"76":{"start":{"line":129,"column":8},"end":{"line":131,"column":9}},"77":{"start":{"line":130,"column":12},"end":{"line":130,"column":71}},"78":{"start":{"line":133,"column":8},"end":{"line":133,"column":73}},"79":{"start":{"line":135,"column":4},"end":{"line":137,"column":5}},"80":{"start":{"line":136,"column":8},"end":{"line":136,"column":16}},"81":{"start":{"line":140,"column":15},"end":{"line":146,"column":1}},"82":{"start":{"line":141,"column":19},"end":{"line":141,"column":48}},"83":{"start":{"line":142,"column":4},"end":{"line":142,"column":43}},"84":{"start":{"line":143,"column":4},"end":{"line":143,"column":47}},"85":{"start":{"line":144,"column":4},"end":{"line":144,"column":18}},"86":{"start":{"line":145,"column":4},"end":{"line":145,"column":20}},"87":{"start":{"line":148,"column":0},"end":{"line":152,"column":1}}},"fnMap":{"0":{"name":"(anonymous_0)","decl":{"start":{"line":12,"column":17},"end":{"line":12,"column":18}},"loc":{"start":{"line":12,"column":30},"end":{"line":14,"column":1}},"line":12},"1":{"name":"(anonymous_1)","decl":{"start":{"line":18,"column":9},"end":{"line":18,"column":10}},"loc":{"start":{"line":18,"column":15},"end":{"line":18,"column":43}},"line":18},"2":{"name":"(anonymous_2)","decl":{"start":{"line":21,"column":18},"end":{"line":21,"column":19}},"loc":{"start":{"line":21,"column":24},"end":{"line":44,"column":1}},"line":21},"3":{"name":"(anonymous_3)","decl":{"start":{"line":24,"column":18},"end":{"line":24,"column":19}},"loc":{"start":{"line":24,"column":25},"end":{"line":40,"column":5}},"line":24},"4":{"name":"(anonymous_4)","decl":{"start":{"line":25,"column":18},"end":{"line":25,"column":19}},"loc":{"start":{"line":25,"column":25},"end":{"line":39,"column":9}},"line":25},"5":{"name":"(anonymous_5)","decl":{"start":{"line":46,"column":17},"end":{"line":46,"column":18}},"loc":{"start":{"line":46,"column":46},"end":{"line":98,"column":1}},"line":46},"6":{"name":"winMsg","decl":{"start":{"line":47,"column":13},"end":{"line":47,"column":19}},"loc":{"start":{"line":47,"column":21},"end":{"line":51,"column":5}},"line":47},"7":{"name":"(anonymous_7)","decl":{"start":{"line":56,"column":40},"end":{"line":56,"column":41}},"loc":{"start":{"line":56,"column":59},"end":{"line":56,"column":73}},"line":56},"8":{"name":"(anonymous_8)","decl":{"start":{"line":70,"column":40},"end":{"line":70,"column":41}},"loc":{"start":{"line":70,"column":59},"end":{"line":70,"column":73}},"line":70},"9":{"name":"(anonymous_9)","decl":{"start":{"line":100,"column":13},"end":{"line":100,"column":14}},"loc":{"start":{"line":100,"column":40},"end":{"line":138,"column":1}},"line":100},"10":{"name":"(anonymous_10)","decl":{"start":{"line":140,"column":15},"end":{"line":140,"column":16}},"loc":{"start":{"line":140,"column":21},"end":{"line":146,"column":1}},"line":140}},"branchMap":{"0":{"loc":{"start":{"line":26,"column":12},"end":{"line":37,"column":13}},"type":"if","locations":[{"start":{"line":26,"column":12},"end":{"line":37,"column":13}},{"start":{"line":29,"column":17},"end":{"line":37,"column":13}}],"line":26},"1":{"loc":{"start":{"line":31,"column":16},"end":{"line":35,"column":17}},"type":"if","locations":[{"start":{"line":31,"column":16},"end":{"line":35,"column":17}},{"start":{"line":33,"column":23},"end":{"line":35,"column":17}}],"line":31},"2":{"loc":{"start":{"line":46,"column":25},"end":{"line":46,"column":41}},"type":"default-arg","locations":[{"start":{"line":46,"column":36},"end":{"line":46,"column":41}}],"line":46},"3":{"loc":{"start":{"line":58,"column":8},"end":{"line":61,"column":9}},"type":"if","locations":[{"start":{"line":58,"column":8},"end":{"line":61,"column":9}},{"start":{},"end":{}}],"line":58},"4":{"loc":{"start":{"line":72,"column":8},"end":{"line":75,"column":9}},"type":"if","locations":[{"start":{"line":72,"column":8},"end":{"line":75,"column":9}},{"start":{},"end":{}}],"line":72},"5":{"loc":{"start":{"line":84,"column":12},"end":{"line":87,"column":13}},"type":"if","locations":[{"start":{"line":84,"column":12},"end":{"line":87,"column":13}},{"start":{},"end":{}}],"line":84},"6":{"loc":{"start":{"line":91,"column":12},"end":{"line":94,"column":13}},"type":"if","locations":[{"start":{"line":91,"column":12},"end":{"line":94,"column":13}},{"start":{},"end":{}}],"line":91},"7":{"loc":{"start":{"line":100,"column":19},"end":{"line":100,"column":35}},"type":"default-arg","locations":[{"start":{"line":100,"column":30},"end":{"line":100,"column":35}}],"line":100},"8":{"loc":{"start":{"line":102,"column":4},"end":{"line":134,"column":5}},"type":"if","locations":[{"start":{"line":102,"column":4},"end":{"line":134,"column":5}},{"start":{"line":132,"column":11},"end":{"line":134,"column":5}}],"line":102},"9":{"loc":{"start":{"line":104,"column":12},"end":{"line":127,"column":13}},"type":"if","locations":[{"start":{"line":104,"column":12},"end":{"line":127,"column":13}},{"start":{},"end":{}}],"line":104},"10":{"loc":{"start":{"line":105,"column":16},"end":{"line":118,"column":17}},"type":"if","locations":[{"start":{"line":105,"column":16},"end":{"line":118,"column":17}},{"start":{},"end":{}}],"line":105},"11":{"loc":{"start":{"line":112,"column":20},"end":{"line":116,"column":21}},"type":"if","locations":[{"start":{"line":112,"column":20},"end":{"line":116,"column":21}},{"start":{"line":114,"column":27},"end":{"line":116,"column":21}}],"line":112},"12":{"loc":{"start":{"line":119,"column":16},"end":{"line":126,"column":17}},"type":"if","locations":[{"start":{"line":119,"column":16},"end":{"line":126,"column":17}},{"start":{"line":123,"column":21},"end":{"line":126,"column":17}}],"line":119},"13":{"loc":{"start":{"line":123,"column":21},"end":{"line":126,"column":17}},"type":"if","locations":[{"start":{"line":123,"column":21},"end":{"line":126,"column":17}},{"start":{},"end":{}}],"line":123},"14":{"loc":{"start":{"line":129,"column":8},"end":{"line":131,"column":9}},"type":"if","locations":[{"start":{"line":129,"column":8},"end":{"line":131,"column":9}},{"start":{},"end":{}}],"line":129},"15":{"loc":{"start":{"line":135,"column":4},"end":{"line":137,"column":5}},"type":"if","locations":[{"start":{"line":135,"column":4},"end":{"line":137,"column":5}},{"start":{},"end":{}}],"line":135},"16":{"loc":{"start":{"line":135,"column":8},"end":{"line":135,"column":73}},"type":"binary-expr","locations":[{"start":{"line":135,"column":8},"end":{"line":135,"column":23}},{"start":{"line":135,"column":28},"end":{"line":135,"column":52}},{"start":{"line":135,"column":57},"end":{"line":135,"column":73}}],"line":135}},"s":{"0":1,"1":1,"2":0,"3":1,"4":6,"5":1,"6":4,"7":4,"8":24,"9":168,"10":160,"11":8,"12":8,"13":4,"14":4,"15":8,"16":4,"17":4,"18":24,"19":1,"20":5,"21":5,"22":5,"23":10,"24":10,"25":36,"26":36,"27":144,"28":36,"29":2,"30":2,"31":8,"32":8,"33":23,"34":23,"35":23,"36":92,"37":23,"38":92,"39":23,"40":1,"41":1,"42":7,"43":7,"44":17,"45":17,"46":51,"47":51,"48":1,"49":1,"50":50,"51":50,"52":1,"53":1,"54":5,"55":1,"56":7,"57":6,"58":6,"59":6,"60":6,"61":4,"62":4,"63":4,"64":4,"65":4,"66":4,"67":2,"68":2,"69":4,"70":2,"71":1,"72":1,"73":1,"74":1,"75":1,"76":4,"77":4,"78":1,"79":5,"80":2,"81":1,"82":3,"83":3,"84":3,"85":3,"86":3,"87":1},"f":{"0":0,"1":6,"2":4,"3":24,"4":168,"5":10,"6":5,"7":144,"8":92,"9":7,"10":3},"b":{"0":[160,8],"1":[4,4],"2":[4],"3":[2,34],"4":[1,22],"5":[1,50],"6":[1,49],"7":[5],"8":[6,1],"9":[6,0],"10":[4,2],"11":[2,2],"12":[1,1],"13":[1,0],"14":[4,0],"15":[2,3],"16":[5,5,2]},"_coverageSchema":"1a1c01bbd47fc00a2c39e90264f33305004495a9","hash":"0c686b2ef6bcdc571f0ca93f797bef103019e9c2"}
}
