{"/Users/calicoalex/GlamCornerConnect4/pure-js-connect-4/js/connect.js": {"path":"/Users/calicoalex/GlamCornerConnect4/pure-js-connect-4/js/connect.js","statementMap":{"0":{"start":{"line":2,"column":15},"end":{"line":10,"column":1}},"1":{"start":{"line":12,"column":17},"end":{"line":14,"column":1}},"2":{"start":{"line":13,"column":4},"end":{"line":13,"column":29}},"3":{"start":{"line":16,"column":14},"end":{"line":18,"column":44}},"4":{"start":{"line":18,"column":15},"end":{"line":18,"column":43}},"5":{"start":{"line":21,"column":18},"end":{"line":47,"column":1}},"6":{"start":{"line":23,"column":21},"end":{"line":23,"column":23}},"7":{"start":{"line":25,"column":4},"end":{"line":41,"column":6}},"8":{"start":{"line":26,"column":8},"end":{"line":40,"column":10}},"9":{"start":{"line":27,"column":12},"end":{"line":38,"column":13}},"10":{"start":{"line":28,"column":16},"end":{"line":28,"column":38}},"11":{"start":{"line":31,"column":27},"end":{"line":31,"column":29}},"12":{"start":{"line":32,"column":16},"end":{"line":36,"column":17}},"13":{"start":{"line":33,"column":20},"end":{"line":33,"column":30}},"14":{"start":{"line":35,"column":20},"end":{"line":35,"column":30}},"15":{"start":{"line":37,"column":16},"end":{"line":37,"column":44}},"16":{"start":{"line":43,"column":4},"end":{"line":45,"column":5}},"17":{"start":{"line":43,"column":16},"end":{"line":43,"column":17}},"18":{"start":{"line":44,"column":8},"end":{"line":44,"column":56}},"19":{"start":{"line":49,"column":18},"end":{"line":51,"column":1}},"20":{"start":{"line":50,"column":4},"end":{"line":50,"column":15}},"21":{"start":{"line":53,"column":17},"end":{"line":115,"column":1}},"22":{"start":{"line":56,"column":8},"end":{"line":56,"column":94}},"23":{"start":{"line":57,"column":8},"end":{"line":57,"column":44}},"24":{"start":{"line":58,"column":8},"end":{"line":58,"column":32}},"25":{"start":{"line":63,"column":4},"end":{"line":71,"column":5}},"26":{"start":{"line":63,"column":19},"end":{"line":63,"column":20}},"27":{"start":{"line":64,"column":22},"end":{"line":64,"column":64}},"28":{"start":{"line":65,"column":25},"end":{"line":65,"column":77}},"29":{"start":{"line":65,"column":59},"end":{"line":65,"column":73}},"30":{"start":{"line":67,"column":8},"end":{"line":70,"column":9}},"31":{"start":{"line":68,"column":12},"end":{"line":68,"column":20}},"32":{"start":{"line":69,"column":12},"end":{"line":69,"column":27}},"33":{"start":{"line":75,"column":4},"end":{"line":86,"column":5}},"34":{"start":{"line":75,"column":19},"end":{"line":75,"column":20}},"35":{"start":{"line":76,"column":22},"end":{"line":76,"column":24}},"36":{"start":{"line":77,"column":8},"end":{"line":79,"column":9}},"37":{"start":{"line":77,"column":21},"end":{"line":77,"column":24}},"38":{"start":{"line":78,"column":12},"end":{"line":78,"column":49}},"39":{"start":{"line":80,"column":25},"end":{"line":80,"column":77}},"40":{"start":{"line":80,"column":59},"end":{"line":80,"column":73}},"41":{"start":{"line":82,"column":8},"end":{"line":85,"column":9}},"42":{"start":{"line":83,"column":12},"end":{"line":83,"column":20}},"43":{"start":{"line":84,"column":12},"end":{"line":84,"column":27}},"44":{"start":{"line":95,"column":4},"end":{"line":112,"column":5}},"45":{"start":{"line":95,"column":17},"end":{"line":95,"column":18}},"46":{"start":{"line":96,"column":8},"end":{"line":111,"column":9}},"47":{"start":{"line":96,"column":20},"end":{"line":96,"column":21}},"48":{"start":{"line":98,"column":32},"end":{"line":98,"column":129}},"49":{"start":{"line":100,"column":12},"end":{"line":103,"column":13}},"50":{"start":{"line":101,"column":16},"end":{"line":101,"column":24}},"51":{"start":{"line":102,"column":16},"end":{"line":102,"column":31}},"52":{"start":{"line":105,"column":33},"end":{"line":105,"column":130}},"53":{"start":{"line":107,"column":12},"end":{"line":110,"column":13}},"54":{"start":{"line":108,"column":16},"end":{"line":108,"column":24}},"55":{"start":{"line":109,"column":16},"end":{"line":109,"column":31}},"56":{"start":{"line":114,"column":4},"end":{"line":114,"column":22}},"57":{"start":{"line":117,"column":13},"end":{"line":160,"column":1}},"58":{"start":{"line":118,"column":4},"end":{"line":155,"column":5}},"59":{"start":{"line":119,"column":8},"end":{"line":149,"column":9}},"60":{"start":{"line":119,"column":21},"end":{"line":119,"column":42}},"61":{"start":{"line":120,"column":12},"end":{"line":148,"column":13}},"62":{"start":{"line":121,"column":16},"end":{"line":134,"column":17}},"63":{"start":{"line":122,"column":20},"end":{"line":122,"column":59}},"64":{"start":{"line":124,"column":20},"end":{"line":124,"column":31}},"65":{"start":{"line":125,"column":20},"end":{"line":125,"column":101}},"66":{"start":{"line":126,"column":20},"end":{"line":126,"column":37}},"67":{"start":{"line":127,"column":20},"end":{"line":127,"column":62}},"68":{"start":{"line":128,"column":20},"end":{"line":132,"column":21}},"69":{"start":{"line":129,"column":24},"end":{"line":129,"column":50}},"70":{"start":{"line":131,"column":24},"end":{"line":131,"column":50}},"71":{"start":{"line":133,"column":20},"end":{"line":133,"column":26}},"72":{"start":{"line":136,"column":16},"end":{"line":147,"column":17}},"73":{"start":{"line":137,"column":20},"end":{"line":137,"column":115}},"74":{"start":{"line":138,"column":20},"end":{"line":138,"column":41}},"75":{"start":{"line":139,"column":23},"end":{"line":147,"column":17}},"76":{"start":{"line":140,"column":20},"end":{"line":140,"column":73}},"77":{"start":{"line":142,"column":20},"end":{"line":144,"column":21}},"78":{"start":{"line":143,"column":24},"end":{"line":143,"column":32}},"79":{"start":{"line":146,"column":20},"end":{"line":146,"column":42}},"80":{"start":{"line":150,"column":8},"end":{"line":152,"column":9}},"81":{"start":{"line":151,"column":12},"end":{"line":151,"column":95}},"82":{"start":{"line":154,"column":8},"end":{"line":154,"column":73}},"83":{"start":{"line":157,"column":4},"end":{"line":159,"column":5}},"84":{"start":{"line":158,"column":8},"end":{"line":158,"column":16}},"85":{"start":{"line":162,"column":15},"end":{"line":168,"column":1}},"86":{"start":{"line":163,"column":19},"end":{"line":163,"column":48}},"87":{"start":{"line":164,"column":4},"end":{"line":164,"column":89}},"88":{"start":{"line":165,"column":4},"end":{"line":165,"column":47}},"89":{"start":{"line":166,"column":4},"end":{"line":166,"column":18}},"90":{"start":{"line":167,"column":4},"end":{"line":167,"column":20}},"91":{"start":{"line":170,"column":0},"end":{"line":174,"column":1}}},"fnMap":{"0":{"name":"(anonymous_0)","decl":{"start":{"line":12,"column":17},"end":{"line":12,"column":18}},"loc":{"start":{"line":12,"column":30},"end":{"line":14,"column":1}},"line":12},"1":{"name":"(anonymous_1)","decl":{"start":{"line":18,"column":9},"end":{"line":18,"column":10}},"loc":{"start":{"line":18,"column":15},"end":{"line":18,"column":43}},"line":18},"2":{"name":"(anonymous_2)","decl":{"start":{"line":21,"column":18},"end":{"line":21,"column":19}},"loc":{"start":{"line":21,"column":40},"end":{"line":47,"column":1}},"line":21},"3":{"name":"(anonymous_3)","decl":{"start":{"line":25,"column":23},"end":{"line":25,"column":24}},"loc":{"start":{"line":25,"column":30},"end":{"line":41,"column":5}},"line":25},"4":{"name":"(anonymous_4)","decl":{"start":{"line":26,"column":18},"end":{"line":26,"column":19}},"loc":{"start":{"line":26,"column":25},"end":{"line":40,"column":9}},"line":26},"5":{"name":"(anonymous_5)","decl":{"start":{"line":49,"column":18},"end":{"line":49,"column":19}},"loc":{"start":{"line":49,"column":24},"end":{"line":51,"column":1}},"line":49},"6":{"name":"(anonymous_6)","decl":{"start":{"line":53,"column":17},"end":{"line":53,"column":18}},"loc":{"start":{"line":53,"column":46},"end":{"line":115,"column":1}},"line":53},"7":{"name":"winMsg","decl":{"start":{"line":55,"column":13},"end":{"line":55,"column":19}},"loc":{"start":{"line":55,"column":21},"end":{"line":59,"column":5}},"line":55},"8":{"name":"(anonymous_8)","decl":{"start":{"line":65,"column":40},"end":{"line":65,"column":41}},"loc":{"start":{"line":65,"column":59},"end":{"line":65,"column":73}},"line":65},"9":{"name":"(anonymous_9)","decl":{"start":{"line":80,"column":40},"end":{"line":80,"column":41}},"loc":{"start":{"line":80,"column":59},"end":{"line":80,"column":73}},"line":80},"10":{"name":"(anonymous_10)","decl":{"start":{"line":117,"column":13},"end":{"line":117,"column":14}},"loc":{"start":{"line":117,"column":40},"end":{"line":160,"column":1}},"line":117},"11":{"name":"(anonymous_11)","decl":{"start":{"line":162,"column":15},"end":{"line":162,"column":16}},"loc":{"start":{"line":162,"column":21},"end":{"line":168,"column":1}},"line":162}},"branchMap":{"0":{"loc":{"start":{"line":21,"column":19},"end":{"line":21,"column":35}},"type":"default-arg","locations":[{"start":{"line":21,"column":30},"end":{"line":21,"column":35}}],"line":21},"1":{"loc":{"start":{"line":27,"column":12},"end":{"line":38,"column":13}},"type":"if","locations":[{"start":{"line":27,"column":12},"end":{"line":38,"column":13}},{"start":{"line":30,"column":17},"end":{"line":38,"column":13}}],"line":27},"2":{"loc":{"start":{"line":32,"column":16},"end":{"line":36,"column":17}},"type":"if","locations":[{"start":{"line":32,"column":16},"end":{"line":36,"column":17}},{"start":{"line":34,"column":23},"end":{"line":36,"column":17}}],"line":32},"3":{"loc":{"start":{"line":53,"column":25},"end":{"line":53,"column":41}},"type":"default-arg","locations":[{"start":{"line":53,"column":36},"end":{"line":53,"column":41}}],"line":53},"4":{"loc":{"start":{"line":67,"column":8},"end":{"line":70,"column":9}},"type":"if","locations":[{"start":{"line":67,"column":8},"end":{"line":70,"column":9}},{"start":{},"end":{}}],"line":67},"5":{"loc":{"start":{"line":82,"column":8},"end":{"line":85,"column":9}},"type":"if","locations":[{"start":{"line":82,"column":8},"end":{"line":85,"column":9}},{"start":{},"end":{}}],"line":82},"6":{"loc":{"start":{"line":100,"column":12},"end":{"line":103,"column":13}},"type":"if","locations":[{"start":{"line":100,"column":12},"end":{"line":103,"column":13}},{"start":{},"end":{}}],"line":100},"7":{"loc":{"start":{"line":107,"column":12},"end":{"line":110,"column":13}},"type":"if","locations":[{"start":{"line":107,"column":12},"end":{"line":110,"column":13}},{"start":{},"end":{}}],"line":107},"8":{"loc":{"start":{"line":117,"column":19},"end":{"line":117,"column":35}},"type":"default-arg","locations":[{"start":{"line":117,"column":30},"end":{"line":117,"column":35}}],"line":117},"9":{"loc":{"start":{"line":118,"column":4},"end":{"line":155,"column":5}},"type":"if","locations":[{"start":{"line":118,"column":4},"end":{"line":155,"column":5}},{"start":{"line":153,"column":11},"end":{"line":155,"column":5}}],"line":118},"10":{"loc":{"start":{"line":120,"column":12},"end":{"line":148,"column":13}},"type":"if","locations":[{"start":{"line":120,"column":12},"end":{"line":148,"column":13}},{"start":{},"end":{}}],"line":120},"11":{"loc":{"start":{"line":121,"column":16},"end":{"line":134,"column":17}},"type":"if","locations":[{"start":{"line":121,"column":16},"end":{"line":134,"column":17}},{"start":{},"end":{}}],"line":121},"12":{"loc":{"start":{"line":128,"column":20},"end":{"line":132,"column":21}},"type":"if","locations":[{"start":{"line":128,"column":20},"end":{"line":132,"column":21}},{"start":{"line":130,"column":27},"end":{"line":132,"column":21}}],"line":128},"13":{"loc":{"start":{"line":136,"column":16},"end":{"line":147,"column":17}},"type":"if","locations":[{"start":{"line":136,"column":16},"end":{"line":147,"column":17}},{"start":{"line":139,"column":23},"end":{"line":147,"column":17}}],"line":136},"14":{"loc":{"start":{"line":139,"column":23},"end":{"line":147,"column":17}},"type":"if","locations":[{"start":{"line":139,"column":23},"end":{"line":147,"column":17}},{"start":{},"end":{}}],"line":139},"15":{"loc":{"start":{"line":142,"column":20},"end":{"line":144,"column":21}},"type":"if","locations":[{"start":{"line":142,"column":20},"end":{"line":144,"column":21}},{"start":{},"end":{}}],"line":142},"16":{"loc":{"start":{"line":142,"column":24},"end":{"line":142,"column":76}},"type":"binary-expr","locations":[{"start":{"line":142,"column":24},"end":{"line":142,"column":48}},{"start":{"line":142,"column":52},"end":{"line":142,"column":76}}],"line":142},"17":{"loc":{"start":{"line":150,"column":8},"end":{"line":152,"column":9}},"type":"if","locations":[{"start":{"line":150,"column":8},"end":{"line":152,"column":9}},{"start":{},"end":{}}],"line":150},"18":{"loc":{"start":{"line":157,"column":4},"end":{"line":159,"column":5}},"type":"if","locations":[{"start":{"line":157,"column":4},"end":{"line":159,"column":5}},{"start":{},"end":{}}],"line":157},"19":{"loc":{"start":{"line":157,"column":8},"end":{"line":157,"column":73}},"type":"binary-expr","locations":[{"start":{"line":157,"column":8},"end":{"line":157,"column":23}},{"start":{"line":157,"column":28},"end":{"line":157,"column":52}},{"start":{"line":157,"column":57},"end":{"line":157,"column":73}}],"line":157}},"s":{"0":1,"1":1,"2":0,"3":1,"4":6,"5":1,"6":4,"7":4,"8":24,"9":168,"10":160,"11":8,"12":8,"13":4,"14":4,"15":8,"16":4,"17":4,"18":24,"19":1,"20":0,"21":1,"22":5,"23":5,"24":5,"25":10,"26":10,"27":36,"28":36,"29":144,"30":36,"31":2,"32":2,"33":8,"34":8,"35":23,"36":23,"37":23,"38":92,"39":23,"40":92,"41":23,"42":1,"43":1,"44":7,"45":7,"46":17,"47":17,"48":51,"49":51,"50":1,"51":1,"52":50,"53":50,"54":1,"55":1,"56":5,"57":1,"58":6,"59":6,"60":6,"61":6,"62":6,"63":4,"64":4,"65":4,"66":4,"67":4,"68":4,"69":2,"70":2,"71":4,"72":2,"73":1,"74":1,"75":1,"76":1,"77":1,"78":0,"79":1,"80":4,"81":4,"82":0,"83":4,"84":2,"85":1,"86":2,"87":2,"88":2,"89":2,"90":2,"91":1},"f":{"0":0,"1":6,"2":4,"3":24,"4":168,"5":0,"6":10,"7":5,"8":144,"9":92,"10":6,"11":2},"b":{"0":[4],"1":[160,8],"2":[4,4],"3":[4],"4":[2,34],"5":[1,22],"6":[1,50],"7":[1,49],"8":[4],"9":[6,0],"10":[6,0],"11":[4,2],"12":[2,2],"13":[1,1],"14":[1,0],"15":[0,1],"16":[1,1],"17":[4,0],"18":[2,2],"19":[4,4,2]},"_coverageSchema":"1a1c01bbd47fc00a2c39e90264f33305004495a9","hash":"44b518ba74f3353e47379908a68bd128087478ab"}
}
