TN:
SF:js/connect.js
FN:12,(anonymous_0)
FN:29,(anonymous_1)
FN:35,(anonymous_2)
FN:38,(anonymous_3)
FN:41,(anonymous_4)
FN:42,(anonymous_5)
FN:63,(anonymous_6)
FN:64,winMsg
FN:73,(anonymous_8)
FN:87,(anonymous_9)
FN:117,(anonymous_10)
FN:158,(anonymous_11)
FNF:12
FNH:11
FNDA:1,(anonymous_0)
FNDA:0,(anonymous_1)
FNDA:6,(anonymous_2)
FNDA:4,(anonymous_3)
FNDA:24,(anonymous_4)
FNDA:168,(anonymous_5)
FNDA:10,(anonymous_6)
FNDA:5,winMsg
FNDA:144,(anonymous_8)
FNDA:92,(anonymous_9)
FNDA:6,(anonymous_10)
FNDA:2,(anonymous_11)
DA:1,1
DA:12,1
DA:13,1
DA:14,1
DA:15,1
DA:17,1
DA:19,1
DA:29,1
DA:30,0
DA:33,1
DA:35,6
DA:38,1
DA:40,4
DA:41,4
DA:42,24
DA:43,168
DA:44,160
DA:47,8
DA:48,8
DA:49,4
DA:51,4
DA:53,8
DA:58,4
DA:59,24
DA:63,1
DA:65,5
DA:66,5
DA:67,5
DA:71,10
DA:72,36
DA:73,144
DA:75,36
DA:76,2
DA:77,2
DA:82,8
DA:83,23
DA:84,23
DA:85,92
DA:87,92
DA:89,23
DA:90,1
DA:91,1
DA:96,7
DA:97,17
DA:99,51
DA:101,51
DA:102,1
DA:103,1
DA:106,50
DA:108,50
DA:109,1
DA:110,1
DA:114,5
DA:117,1
DA:119,6
DA:120,6
DA:121,6
DA:122,6
DA:123,4
DA:125,4
DA:126,4
DA:127,4
DA:128,4
DA:129,4
DA:130,2
DA:132,2
DA:134,4
DA:136,2
DA:137,1
DA:138,1
DA:140,1
DA:141,1
DA:142,1
DA:146,4
DA:147,4
DA:150,0
DA:152,4
DA:153,2
DA:154,2
DA:158,1
DA:159,2
DA:160,2
DA:161,2
DA:162,2
DA:167,1
LF:85
LH:83
BRDA:43,0,0,160
BRDA:43,0,1,8
BRDA:48,1,0,4
BRDA:48,1,1,4
BRDA:63,2,0,4
BRDA:75,3,0,2
BRDA:75,3,1,34
BRDA:89,4,0,1
BRDA:89,4,1,22
BRDA:101,5,0,1
BRDA:101,5,1,50
BRDA:108,6,0,1
BRDA:108,6,1,49
BRDA:117,7,0,4
BRDA:119,8,0,6
BRDA:119,8,1,0
BRDA:121,9,0,6
BRDA:121,9,1,0
BRDA:122,10,0,4
BRDA:122,10,1,2
BRDA:129,11,0,2
BRDA:129,11,1,2
BRDA:136,12,0,1
BRDA:136,12,1,1
BRDA:140,13,0,1
BRDA:140,13,1,0
BRDA:146,14,0,4
BRDA:146,14,1,0
BRDA:152,15,0,2
BRDA:152,15,1,2
BRDA:152,16,0,4
BRDA:152,16,1,4
BRDA:152,16,2,2
BRF:33
BRH:29
end_of_record
