TN:
SF:js/connect.js
FN:12,(anonymous_0)
FN:18,(anonymous_1)
FN:21,(anonymous_2)
FN:24,(anonymous_3)
FN:25,(anonymous_4)
FN:46,(anonymous_5)
FN:47,winMsg
FN:56,(anonymous_7)
FN:70,(anonymous_8)
FN:100,(anonymous_9)
FN:140,(anonymous_10)
FNF:11
FNH:10
FNDA:0,(anonymous_0)
FNDA:6,(anonymous_1)
FNDA:4,(anonymous_2)
FNDA:24,(anonymous_3)
FNDA:168,(anonymous_4)
FNDA:10,(anonymous_5)
FNDA:5,winMsg
FNDA:144,(anonymous_7)
FNDA:92,(anonymous_8)
FNDA:7,(anonymous_9)
FNDA:3,(anonymous_10)
DA:2,1
DA:12,1
DA:13,0
DA:16,1
DA:18,6
DA:21,1
DA:23,4
DA:24,4
DA:25,24
DA:26,168
DA:27,160
DA:30,8
DA:31,8
DA:32,4
DA:34,4
DA:36,8
DA:41,4
DA:42,24
DA:46,1
DA:48,5
DA:49,5
DA:50,5
DA:54,10
DA:55,36
DA:56,144
DA:58,36
DA:59,2
DA:60,2
DA:65,8
DA:66,23
DA:67,23
DA:68,92
DA:70,92
DA:72,23
DA:73,1
DA:74,1
DA:79,7
DA:80,17
DA:82,51
DA:84,51
DA:85,1
DA:86,1
DA:89,50
DA:91,50
DA:92,1
DA:93,1
DA:97,5
DA:100,1
DA:102,7
DA:103,6
DA:104,6
DA:105,6
DA:106,4
DA:108,4
DA:109,4
DA:110,4
DA:111,4
DA:112,4
DA:113,2
DA:115,2
DA:117,4
DA:119,2
DA:120,1
DA:121,1
DA:123,1
DA:124,1
DA:125,1
DA:129,4
DA:130,4
DA:133,1
DA:135,5
DA:136,2
DA:140,1
DA:141,3
DA:142,3
DA:143,3
DA:144,3
DA:145,3
DA:148,1
LF:79
LH:78
BRDA:26,0,0,160
BRDA:26,0,1,8
BRDA:31,1,0,4
BRDA:31,1,1,4
BRDA:46,2,0,4
BRDA:58,3,0,2
BRDA:58,3,1,34
BRDA:72,4,0,1
BRDA:72,4,1,22
BRDA:84,5,0,1
BRDA:84,5,1,50
BRDA:91,6,0,1
BRDA:91,6,1,49
BRDA:100,7,0,5
BRDA:102,8,0,6
BRDA:102,8,1,1
BRDA:104,9,0,6
BRDA:104,9,1,0
BRDA:105,10,0,4
BRDA:105,10,1,2
BRDA:112,11,0,2
BRDA:112,11,1,2
BRDA:119,12,0,1
BRDA:119,12,1,1
BRDA:123,13,0,1
BRDA:123,13,1,0
BRDA:129,14,0,4
BRDA:129,14,1,0
BRDA:135,15,0,2
BRDA:135,15,1,3
BRDA:135,16,0,5
BRDA:135,16,1,5
BRDA:135,16,2,2
BRF:33
BRH:30
end_of_record
